<?xml version="1.0" encoding="UTF-8"?>
<!-- Generated by org.testng.reporters.JUnitReportReporter -->
<testsuite hostname="LAPTOP-87D29HJN" failures="0" tests="2" name="Flipkart_Testcases.FlipkartAmazonAddToCart" time="125.148" errors="0" timestamp="2021-11-16T23:57:56 IST" skipped="0">
  <testcase classname="Flipkart_Testcases.FlipkartAmazonAddToCart" name="flipkartAddToCart" time="33.888"/>
  <system-out/>
  <testcase classname="Flipkart_Testcases.FlipkartAmazonAddToCart" name="amazonAddToCart" time="91.260"/>
  <system-out/>
</testsuite> <!-- Flipkart_Testcases.FlipkartAmazonAddToCart -->
