<?xml version="1.0" encoding="UTF-8"?>
<!-- Generated by org.testng.reporters.JUnitReportReporter -->
<testsuite hostname="LAPTOP-87D29HJN" failures="0" tests="2" name="Flipkart_Testcases.FlipkartAddToCart" time="82.233" errors="0" timestamp="2021-11-16T22:27:15 IST" skipped="0">
  <testcase classname="Flipkart_Testcases.FlipkartAddToCart" name="testcase2" time="22.162"/>
  <system-out/>
  <testcase classname="Flipkart_Testcases.FlipkartAddToCart" name="testcase3" time="60.071"/>
  <system-out/>
</testsuite> <!-- Flipkart_Testcases.FlipkartAddToCart -->
